[debug] [2023-01-17T12:56:20.340Z] ----------------------------------------------------------------------
[debug] [2023-01-17T12:56:20.342Z] Command:       C:\Program Files\nodejs\node.exe C:\Users\ASUS\AppData\Roaming\npm\node_modules\firebase-tools\lib\bin\firebase.js deploy
[debug] [2023-01-17T12:56:20.343Z] CLI Version:   11.20.0
[debug] [2023-01-17T12:56:20.343Z] Platform:      win32
[debug] [2023-01-17T12:56:20.343Z] Node Version:  v16.16.0
[debug] [2023-01-17T12:56:20.346Z] Time:          Tue Jan 17 2023 18:56:20 GMT+0600 (Bangladesh Standard Time)
[debug] [2023-01-17T12:56:20.346Z] ----------------------------------------------------------------------
[debug] 
[debug] [2023-01-17T12:56:20.350Z] >>> [apiv2][query] GET https://firebase-public.firebaseio.com/cli.json [none]
[debug] [2023-01-17T12:56:20.422Z] > command requires scopes: ["email","openid","https://www.googleapis.com/auth/cloudplatformprojects.readonly","https://www.googleapis.com/auth/firebase","https://www.googleapis.com/auth/cloud-platform"]
[debug] [2023-01-17T12:56:20.422Z] > authorizing via signed-in user (coders.stackbox@gmail.com)
[debug] [2023-01-17T12:56:20.422Z] [iam] checking project codersstackbox-c9449 for permissions ["firebase.projects.get","firebasehosting.sites.update"]
[debug] [2023-01-17T12:56:20.423Z] > refreshing access token with scopes: []
[debug] [2023-01-17T12:56:20.424Z] >>> [apiv2][query] POST https://www.googleapis.com/oauth2/v3/token [none]
[debug] [2023-01-17T12:56:20.424Z] >>> [apiv2][body] POST https://www.googleapis.com/oauth2/v3/token [omitted]
[debug] [2023-01-17T12:56:20.755Z] <<< [apiv2][status] POST https://www.googleapis.com/oauth2/v3/token 200
[debug] [2023-01-17T12:56:20.755Z] <<< [apiv2][body] POST https://www.googleapis.com/oauth2/v3/token [omitted]
[debug] [2023-01-17T12:56:20.765Z] >>> [apiv2][query] POST https://cloudresourcemanager.googleapis.com/v1/projects/codersstackbox-c9449:testIamPermissions [none]
[debug] [2023-01-17T12:56:20.765Z] >>> [apiv2][(partial)header] POST https://cloudresourcemanager.googleapis.com/v1/projects/codersstackbox-c9449:testIamPermissions x-goog-quota-user=projects/codersstackbox-c9449
[debug] [2023-01-17T12:56:20.765Z] >>> [apiv2][body] POST https://cloudresourcemanager.googleapis.com/v1/projects/codersstackbox-c9449:testIamPermissions {"permissions":["firebase.projects.get","firebasehosting.sites.update"]}
[debug] [2023-01-17T12:56:21.303Z] <<< [apiv2][status] GET https://firebase-public.firebaseio.com/cli.json 200
[debug] [2023-01-17T12:56:21.304Z] <<< [apiv2][body] GET https://firebase-public.firebaseio.com/cli.json {"cloudBuildErrorAfter":1594252800000,"cloudBuildWarnAfter":1590019200000,"defaultNode10After":1594252800000,"minVersion":"3.0.5","node8DeploysDisabledAfter":1613390400000,"node8RuntimeDisabledAfter":1615809600000,"node8WarnAfter":1600128000000}
[debug] [2023-01-17T12:56:22.396Z] <<< [apiv2][status] POST https://cloudresourcemanager.googleapis.com/v1/projects/codersstackbox-c9449:testIamPermissions 200
[debug] [2023-01-17T12:56:22.396Z] <<< [apiv2][body] POST https://cloudresourcemanager.googleapis.com/v1/projects/codersstackbox-c9449:testIamPermissions {"permissions":["firebase.projects.get","firebasehosting.sites.update"]}
[debug] [2023-01-17T12:56:22.397Z] >>> [apiv2][query] GET https://firebase.googleapis.com/v1beta1/projects/codersstackbox-c9449 [none]
[debug] [2023-01-17T12:56:23.159Z] <<< [apiv2][status] GET https://firebase.googleapis.com/v1beta1/projects/codersstackbox-c9449 200
[debug] [2023-01-17T12:56:23.159Z] <<< [apiv2][body] GET https://firebase.googleapis.com/v1beta1/projects/codersstackbox-c9449 {"projectId":"codersstackbox-c9449","projectNumber":"1008529656367","displayName":"codersStackBox","name":"projects/codersstackbox-c9449","resources":{"hostingSite":"codersstackbox-c9449"},"state":"ACTIVE","etag":"1_eb72d43d-6076-49d6-8521-32f812f23d8a"}
[info] 
[info] === Deploying to 'codersstackbox-c9449'...
[info] 
[info] i  deploying hosting 
[debug] [2023-01-17T12:56:23.165Z] >>> [apiv2][query] POST https://firebasehosting.googleapis.com/v1beta1/projects/-/sites/codersstackbox-c9449/versions [none]
[debug] [2023-01-17T12:56:23.165Z] >>> [apiv2][body] POST https://firebasehosting.googleapis.com/v1beta1/projects/-/sites/codersstackbox-c9449/versions {"status":"CREATED","labels":{"deployment-tool":"cli-firebase"}}
[debug] [2023-01-17T12:56:25.435Z] <<< [apiv2][status] POST https://firebasehosting.googleapis.com/v1beta1/projects/-/sites/codersstackbox-c9449/versions 200
[debug] [2023-01-17T12:56:25.435Z] <<< [apiv2][body] POST https://firebasehosting.googleapis.com/v1beta1/projects/-/sites/codersstackbox-c9449/versions {"name":"projects/1008529656367/sites/codersstackbox-c9449/versions/843e268d0e79a7da","status":"CREATED","config":{},"labels":{"deployment-tool":"cli-firebase"}}
[info] i  hosting[codersstackbox-c9449]: beginning deploy... 
[info] i  hosting[codersstackbox-c9449]: found 15 files in build 
[debug] [2023-01-17T12:56:25.446Z] [hosting] uploading with 200 concurrency
[debug] [2023-01-17T12:56:25.701Z] [hosting] hash cache [YnVpbGQ] stored for 15 files
[debug] [2023-01-17T12:56:25.701Z] [hosting][hash queue][FINAL] {"max":248,"min":2,"avg":23.333333333333332,"active":0,"complete":15,"success":15,"errored":0,"retried":0,"total":15,"elapsed":252}
[debug] [2023-01-17T12:56:25.702Z] >>> [apiv2][query] POST https://firebasehosting.googleapis.com/v1beta1/projects/1008529656367/sites/codersstackbox-c9449/versions/843e268d0e79a7da:populateFiles [none]
[debug] [2023-01-17T12:56:25.702Z] >>> [apiv2][body] POST https://firebasehosting.googleapis.com/v1beta1/projects/1008529656367/sites/codersstackbox-c9449/versions/843e268d0e79a7da:populateFiles {"files":{"/favicon.ico":"7b45bee6cd32e92fffed5784039d444742a57d901bbcac1039ce19cfc635b0bd","/logo192.png":"3ee59515172ee198f3be375979df15ac5345183e656720a381b8872b2a39dc8b","/logo512.png":"ee7e2f3fdb8209c4b6fd7bef6ba50d1b9dba30a25bb5c3126df057e1cb6f5331","/manifest.json":"aff3449bdc238776f5d6d967f19ec491b36aed5fb7f23ccff6500736fd58494a","/robots.txt":"bfe106a3fb878dc83461c86818bf74fc1bdc7f28538ba613cd3e775516ce8b49","/asset-manifest.json":"5697bd3fae7447b90d6d98d8f5df9a5021825aafb06ef583b98a92adf66c5f15","/index.html":"7ae907b9dff91746bf44b746ee729a0871cc88991b62452c88ed462226968427","/static/js/787.2d679059.chunk.js":"38fbeda0065be1c67526c1764467e410a857b57293b5446bc843e8376a34089a","/static/js/main.37674956.js.LICENSE.txt":"c49baf5985b282af9ecd91b73f5d5a4744cafd3a2021960d9b3c58ab0a796d38","/static/js/787.2d679059.chunk.js.map":"f8c1a5dba9571ff1a954a727c25ba83f58edd3d7052f05e135aa06f1e2c14c4a","/static/css/main.d3028c84.css.map":"e16bc826a9067debd7df5f708ce63ae328ff514cdcb7d8fa71ac01cc113d4654","/static/css/main.d3028c84.css":"f649bee74b7e8a876a1b7f59b173636e87a4ca8a426cc8845616fd96aab95fd8","/static/media/heroImage.65447453ac7def3bed7a.gif":"a088ce8f978b198e49936da079e8f791f3239909f51e2e75fedf6c99363fb2c2","/static/js/main.37674956.js":"25bfbafaa5c9beb51695b1b374000ae12293857a92d7cf62883ae84c605f7cf8","/static/js/main.37674956.js.map":"a8b0d2c1b1749e93f3e3a6cdeb8e6cfead545ae55ca39f57afb99a12ea1a98cd"}}
[debug] [2023-01-17T12:56:26.934Z] <<< [apiv2][status] POST https://firebasehosting.googleapis.com/v1beta1/projects/1008529656367/sites/codersstackbox-c9449/versions/843e268d0e79a7da:populateFiles 200
[debug] [2023-01-17T12:56:26.934Z] <<< [apiv2][body] POST https://firebasehosting.googleapis.com/v1beta1/projects/1008529656367/sites/codersstackbox-c9449/versions/843e268d0e79a7da:populateFiles {"uploadRequiredHashes":["a8b0d2c1b1749e93f3e3a6cdeb8e6cfead545ae55ca39f57afb99a12ea1a98cd","5697bd3fae7447b90d6d98d8f5df9a5021825aafb06ef583b98a92adf66c5f15","f649bee74b7e8a876a1b7f59b173636e87a4ca8a426cc8845616fd96aab95fd8","7ae907b9dff91746bf44b746ee729a0871cc88991b62452c88ed462226968427","e16bc826a9067debd7df5f708ce63ae328ff514cdcb7d8fa71ac01cc113d4654","25bfbafaa5c9beb51695b1b374000ae12293857a92d7cf62883ae84c605f7cf8"],"uploadUrl":"https://upload-firebasehosting.googleapis.com/upload/sites/codersstackbox-c9449/versions/843e268d0e79a7da/files"}
[debug] [2023-01-17T12:56:26.935Z] >>> [apiv2][query] POST https://upload-firebasehosting.googleapis.com/upload/sites/codersstackbox-c9449/versions/843e268d0e79a7da/files/a8b0d2c1b1749e93f3e3a6cdeb8e6cfead545ae55ca39f57afb99a12ea1a98cd [none]
[debug] [2023-01-17T12:56:26.935Z] >>> [apiv2][body] POST https://upload-firebasehosting.googleapis.com/upload/sites/codersstackbox-c9449/versions/843e268d0e79a7da/files/a8b0d2c1b1749e93f3e3a6cdeb8e6cfead545ae55ca39f57afb99a12ea1a98cd [stream]
[debug] [2023-01-17T12:56:26.936Z] >>> [apiv2][query] POST https://upload-firebasehosting.googleapis.com/upload/sites/codersstackbox-c9449/versions/843e268d0e79a7da/files/5697bd3fae7447b90d6d98d8f5df9a5021825aafb06ef583b98a92adf66c5f15 [none]
[debug] [2023-01-17T12:56:26.936Z] >>> [apiv2][body] POST https://upload-firebasehosting.googleapis.com/upload/sites/codersstackbox-c9449/versions/843e268d0e79a7da/files/5697bd3fae7447b90d6d98d8f5df9a5021825aafb06ef583b98a92adf66c5f15 [stream]
[debug] [2023-01-17T12:56:26.937Z] >>> [apiv2][query] POST https://upload-firebasehosting.googleapis.com/upload/sites/codersstackbox-c9449/versions/843e268d0e79a7da/files/f649bee74b7e8a876a1b7f59b173636e87a4ca8a426cc8845616fd96aab95fd8 [none]
[debug] [2023-01-17T12:56:26.937Z] >>> [apiv2][body] POST https://upload-firebasehosting.googleapis.com/upload/sites/codersstackbox-c9449/versions/843e268d0e79a7da/files/f649bee74b7e8a876a1b7f59b173636e87a4ca8a426cc8845616fd96aab95fd8 [stream]
[debug] [2023-01-17T12:56:26.938Z] >>> [apiv2][query] POST https://upload-firebasehosting.googleapis.com/upload/sites/codersstackbox-c9449/versions/843e268d0e79a7da/files/7ae907b9dff91746bf44b746ee729a0871cc88991b62452c88ed462226968427 [none]
[debug] [2023-01-17T12:56:26.938Z] >>> [apiv2][body] POST https://upload-firebasehosting.googleapis.com/upload/sites/codersstackbox-c9449/versions/843e268d0e79a7da/files/7ae907b9dff91746bf44b746ee729a0871cc88991b62452c88ed462226968427 [stream]
[debug] [2023-01-17T12:56:26.939Z] >>> [apiv2][query] POST https://upload-firebasehosting.googleapis.com/upload/sites/codersstackbox-c9449/versions/843e268d0e79a7da/files/e16bc826a9067debd7df5f708ce63ae328ff514cdcb7d8fa71ac01cc113d4654 [none]
[debug] [2023-01-17T12:56:26.939Z] >>> [apiv2][body] POST https://upload-firebasehosting.googleapis.com/upload/sites/codersstackbox-c9449/versions/843e268d0e79a7da/files/e16bc826a9067debd7df5f708ce63ae328ff514cdcb7d8fa71ac01cc113d4654 [stream]
[debug] [2023-01-17T12:56:26.940Z] >>> [apiv2][query] POST https://upload-firebasehosting.googleapis.com/upload/sites/codersstackbox-c9449/versions/843e268d0e79a7da/files/25bfbafaa5c9beb51695b1b374000ae12293857a92d7cf62883ae84c605f7cf8 [none]
[debug] [2023-01-17T12:56:26.940Z] >>> [apiv2][body] POST https://upload-firebasehosting.googleapis.com/upload/sites/codersstackbox-c9449/versions/843e268d0e79a7da/files/25bfbafaa5c9beb51695b1b374000ae12293857a92d7cf62883ae84c605f7cf8 [stream]
[debug] [2023-01-17T12:56:26.941Z] [hosting][populate queue][FINAL] {"max":1235,"min":1235,"avg":1235,"active":0,"complete":1,"success":1,"errored":0,"retried":0,"total":1,"elapsed":1241}
[debug] [2023-01-17T12:56:26.941Z] [hosting] uploads queued: 6
[debug] [2023-01-17T12:56:28.479Z] <<< [apiv2][status] POST https://upload-firebasehosting.googleapis.com/upload/sites/codersstackbox-c9449/versions/843e268d0e79a7da/files/5697bd3fae7447b90d6d98d8f5df9a5021825aafb06ef583b98a92adf66c5f15 200
[debug] [2023-01-17T12:56:28.480Z] <<< [apiv2][body] POST https://upload-firebasehosting.googleapis.com/upload/sites/codersstackbox-c9449/versions/843e268d0e79a7da/files/5697bd3fae7447b90d6d98d8f5df9a5021825aafb06ef583b98a92adf66c5f15 [stream]
[debug] [2023-01-17T12:56:29.035Z] <<< [apiv2][status] POST https://upload-firebasehosting.googleapis.com/upload/sites/codersstackbox-c9449/versions/843e268d0e79a7da/files/25bfbafaa5c9beb51695b1b374000ae12293857a92d7cf62883ae84c605f7cf8 200
[debug] [2023-01-17T12:56:29.035Z] <<< [apiv2][body] POST https://upload-firebasehosting.googleapis.com/upload/sites/codersstackbox-c9449/versions/843e268d0e79a7da/files/25bfbafaa5c9beb51695b1b374000ae12293857a92d7cf62883ae84c605f7cf8 [stream]
[debug] [2023-01-17T12:56:29.804Z] <<< [apiv2][status] POST https://upload-firebasehosting.googleapis.com/upload/sites/codersstackbox-c9449/versions/843e268d0e79a7da/files/a8b0d2c1b1749e93f3e3a6cdeb8e6cfead545ae55ca39f57afb99a12ea1a98cd 200
[debug] [2023-01-17T12:56:29.804Z] <<< [apiv2][body] POST https://upload-firebasehosting.googleapis.com/upload/sites/codersstackbox-c9449/versions/843e268d0e79a7da/files/a8b0d2c1b1749e93f3e3a6cdeb8e6cfead545ae55ca39f57afb99a12ea1a98cd [stream]
[debug] [2023-01-17T12:56:29.833Z] <<< [apiv2][status] POST https://upload-firebasehosting.googleapis.com/upload/sites/codersstackbox-c9449/versions/843e268d0e79a7da/files/7ae907b9dff91746bf44b746ee729a0871cc88991b62452c88ed462226968427 200
[debug] [2023-01-17T12:56:29.833Z] <<< [apiv2][body] POST https://upload-firebasehosting.googleapis.com/upload/sites/codersstackbox-c9449/versions/843e268d0e79a7da/files/7ae907b9dff91746bf44b746ee729a0871cc88991b62452c88ed462226968427 [stream]
[debug] [2023-01-17T12:56:29.906Z] <<< [apiv2][status] POST https://upload-firebasehosting.googleapis.com/upload/sites/codersstackbox-c9449/versions/843e268d0e79a7da/files/f649bee74b7e8a876a1b7f59b173636e87a4ca8a426cc8845616fd96aab95fd8 200
[debug] [2023-01-17T12:56:29.906Z] <<< [apiv2][body] POST https://upload-firebasehosting.googleapis.com/upload/sites/codersstackbox-c9449/versions/843e268d0e79a7da/files/f649bee74b7e8a876a1b7f59b173636e87a4ca8a426cc8845616fd96aab95fd8 [stream]
[debug] [2023-01-17T12:56:30.001Z] <<< [apiv2][status] POST https://upload-firebasehosting.googleapis.com/upload/sites/codersstackbox-c9449/versions/843e268d0e79a7da/files/e16bc826a9067debd7df5f708ce63ae328ff514cdcb7d8fa71ac01cc113d4654 200
[debug] [2023-01-17T12:56:30.002Z] <<< [apiv2][body] POST https://upload-firebasehosting.googleapis.com/upload/sites/codersstackbox-c9449/versions/843e268d0e79a7da/files/e16bc826a9067debd7df5f708ce63ae328ff514cdcb7d8fa71ac01cc113d4654 [stream]
[debug] [2023-01-17T12:56:30.002Z] [hosting][upload queue][FINAL] {"max":3067,"min":1546,"avg":2575.3333333333335,"active":0,"complete":6,"success":6,"errored":0,"retried":0,"total":6,"elapsed":3068}
[info] +  hosting[codersstackbox-c9449]: file upload complete 
[debug] [2023-01-17T12:56:30.003Z] [hosting] deploy completed after 4567ms
[debug] [2023-01-17T12:56:30.005Z] [
  {
    "config": {
      "public": "build",
      "ignore": [
        "firebase.json",
        "**/.*",
        "**/node_modules/**"
      ],
      "rewrites": [
        {
          "source": "**",
          "destination": "/index.html"
        }
      ],
      "site": "codersstackbox-c9449"
    },
    "version": "projects/1008529656367/sites/codersstackbox-c9449/versions/843e268d0e79a7da"
  }
]
[info] i  hosting[codersstackbox-c9449]: finalizing version... 
[debug] [2023-01-17T12:56:30.008Z] >>> [apiv2][query] PATCH https://firebasehosting.googleapis.com/v1beta1/projects/-/sites/codersstackbox-c9449/versions/843e268d0e79a7da updateMask=status%2Cconfig
[debug] [2023-01-17T12:56:30.008Z] >>> [apiv2][body] PATCH https://firebasehosting.googleapis.com/v1beta1/projects/-/sites/codersstackbox-c9449/versions/843e268d0e79a7da {"status":"FINALIZED","config":{"rewrites":[{"glob":"**","path":"/index.html"}]}}
[debug] [2023-01-17T12:56:31.243Z] <<< [apiv2][status] PATCH https://firebasehosting.googleapis.com/v1beta1/projects/-/sites/codersstackbox-c9449/versions/843e268d0e79a7da 200
[debug] [2023-01-17T12:56:31.243Z] <<< [apiv2][body] PATCH https://firebasehosting.googleapis.com/v1beta1/projects/-/sites/codersstackbox-c9449/versions/843e268d0e79a7da {"name":"projects/1008529656367/sites/codersstackbox-c9449/versions/843e268d0e79a7da","status":"FINALIZED","config":{"rewrites":[{"glob":"**","path":"/index.html"}]},"labels":{"deployment-tool":"cli-firebase"},"createTime":"2023-01-17T12:56:23.285830Z","createUser":{"email":"coders.stackbox@gmail.com"},"finalizeTime":"2023-01-17T12:56:29.505939Z","finalizeUser":{"email":"coders.stackbox@gmail.com"}}
[debug] [2023-01-17T12:56:31.243Z] [hosting] finalized version for codersstackbox-c9449:[object Object]
[info] +  hosting[codersstackbox-c9449]: version finalized 
[info] i  hosting[codersstackbox-c9449]: releasing new version... 
[debug] [2023-01-17T12:56:31.244Z] >>> [apiv2][query] POST https://firebasehosting.googleapis.com/v1beta1/projects/-/sites/codersstackbox-c9449/channels/live/releases versionName=projects%2F1008529656367%2Fsites%2Fcodersstackbox-c9449%2Fversions%2F843e268d0e79a7da
[debug] [2023-01-17T12:56:31.244Z] >>> [apiv2][body] POST https://firebasehosting.googleapis.com/v1beta1/projects/-/sites/codersstackbox-c9449/channels/live/releases {}
[debug] [2023-01-17T12:56:32.535Z] <<< [apiv2][status] POST https://firebasehosting.googleapis.com/v1beta1/projects/-/sites/codersstackbox-c9449/channels/live/releases 200
[debug] [2023-01-17T12:56:32.535Z] <<< [apiv2][body] POST https://firebasehosting.googleapis.com/v1beta1/projects/-/sites/codersstackbox-c9449/channels/live/releases {"name":"projects/1008529656367/sites/codersstackbox-c9449/channels/live/releases/1673960190180970","version":{"name":"projects/1008529656367/sites/codersstackbox-c9449/versions/843e268d0e79a7da","status":"FINALIZED","config":{"rewrites":[{"glob":"**","path":"/index.html"}]},"labels":{"deployment-tool":"cli-firebase"},"createTime":"2023-01-17T12:56:23.285830Z","createUser":{"email":"coders.stackbox@gmail.com","imageUrl":"https://lh3.googleusercontent.com/a/AEdFTp4fvzujCIAlf1XiMJc7rO4MndPvJQdc25Ef2FFW=mo"},"finalizeTime":"2023-01-17T12:56:29.505939Z","finalizeUser":{"email":"coders.stackbox@gmail.com","imageUrl":"https://lh3.googleusercontent.com/a/AEdFTp4fvzujCIAlf1XiMJc7rO4MndPvJQdc25Ef2FFW=mo"}},"type":"DEPLOY","releaseTime":"2023-01-17T12:56:30.180970463Z","releaseUser":{"email":"coders.stackbox@gmail.com","imageUrl":"https://lh3.googleusercontent.com/a/AEdFTp4fvzujCIAlf1XiMJc7rO4MndPvJQdc25Ef2FFW=mo"}}
[debug] [2023-01-17T12:56:32.535Z] [hosting] release: {"name":"projects/1008529656367/sites/codersstackbox-c9449/channels/live/releases/1673960190180970","version":{"name":"projects/1008529656367/sites/codersstackbox-c9449/versions/843e268d0e79a7da","status":"FINALIZED","config":{"rewrites":[{"glob":"**","path":"/index.html"}]},"labels":{"deployment-tool":"cli-firebase"},"createTime":"2023-01-17T12:56:23.285830Z","createUser":{"email":"coders.stackbox@gmail.com","imageUrl":"https://lh3.googleusercontent.com/a/AEdFTp4fvzujCIAlf1XiMJc7rO4MndPvJQdc25Ef2FFW=mo"},"finalizeTime":"2023-01-17T12:56:29.505939Z","finalizeUser":{"email":"coders.stackbox@gmail.com","imageUrl":"https://lh3.googleusercontent.com/a/AEdFTp4fvzujCIAlf1XiMJc7rO4MndPvJQdc25Ef2FFW=mo"}},"type":"DEPLOY","releaseTime":"2023-01-17T12:56:30.180970463Z","releaseUser":{"email":"coders.stackbox@gmail.com","imageUrl":"https://lh3.googleusercontent.com/a/AEdFTp4fvzujCIAlf1XiMJc7rO4MndPvJQdc25Ef2FFW=mo"}}
[info] +  hosting[codersstackbox-c9449]: release complete 
[info] 
[info] +  Deploy complete! 
[info] 
[info] Project Console: https://console.firebase.google.com/project/codersstackbox-c9449/overview
[info] Hosting URL: https://codersstackbox-c9449.web.app
[debug] [2023-01-17T12:56:38.355Z] Error: Timed out.
    at Timeout._onTimeout (C:\Users\ASUS\AppData\Roaming\npm\node_modules\firebase-tools\lib\utils.js:253:49)
    at listOnTimeout (node:internal/timers:559:17)
    at processTimers (node:internal/timers:502:7)
[error] 
[error] Error: An unexpected error has occurred.
